usage: 
       mock [options] {--init|--clean|--scrub=[all,chroot,cache,root-cache,c-cache,yum-cache,dnf-cache,lvm,overlayfs]}
       mock [options] [--rebuild] /path/to/srpm(s)
       mock [options] [--chain] /path/to/srpm(s)
       mock [options] --buildsrpm {--spec /path/to/spec --sources /path/to/src|
       --scm-enable [--scm-option key=value]}
       mock [options] {--shell|--chroot} <cmd>
       mock [options] --installdeps {SRPM|RPM}
       mock [options] --install PACKAGE
       mock [options] --copyin path [..path] destination
       mock [options] --copyout path [..path] destination
       mock [options] --scm-enable [--scm-option key=value]
       mock [options] --dnf-cmd arguments
       mock [options] --yum-cmd arguments
mock: error: argument --config-opts: expected one argument
Directory walk started
Directory walk done - 251 packages
Temporary output repo path: /opt/awx-rpm-v2/rpmbuilds/23.7.0/RPMS/.repodata/
Preparing sqlite DBs
Pool started (with 5 workers)
Pool finished
INFO: mock.py version 5.4 starting (python version = 3.9.14, NVR = mock-5.4-1.el9), args: /usr/libexec/mock/mock -r epel-9-x86_64 --clean
Start(bootstrap): init plugins
INFO: selinux enabled
Finish(bootstrap): init plugins
Start: init plugins
INFO: selinux enabled
Finish: init plugins
INFO: Signal handler active
Start: run
Start: clean chroot
Finish: clean chroot
Finish: run
