INFO: mock.py version 5.4 starting (python version = 3.9.14, NVR = mock-5.4-1.el9), args: /usr/libexec/mock/mock -r epel-9-x86_64 --enable-network --addrepo /opt/awx-rpm-v2/rpmbuilds/24.0.0/RPMS/ --resultdir /opt/awx-rpm-v2/rpmbuilds/24.0.0/RPMS-TMP/ --no-clean --addrepo=https://download.copr.fedorainfracloud.org/results/@copr/PyPI/epel-9-x86_64 /opt/awx-rpm-v2/rpmbuilds/24.0.0/SRPMS/awx-rpm-24.0.0-7.el9.src.rpm --rpmbuild-opts=--nocheck --no-cleanup-after
Start(bootstrap): init plugins
INFO: selinux enabled
Finish(bootstrap): init plugins
Start: init plugins
INFO: selinux enabled
Finish: init plugins
INFO: Signal handler active
Start: run
INFO: Start(/opt/awx-rpm-v2/rpmbuilds/24.0.0/SRPMS/awx-rpm-24.0.0-7.el9.src.rpm)  Config(rhel+epel-9-x86_64)
Mock Version: 5.4
INFO: Mock Version: 5.4
Start(bootstrap): chroot init
INFO: calling preinit hooks
INFO: enabled root cache
INFO: enabled package manager cache
Start(bootstrap): cleaning package manager metadata
Finish(bootstrap): cleaning package manager metadata
INFO: Package manager dnf detected and used (fallback)
Finish(bootstrap): chroot init
Start: chroot init
INFO: calling preinit hooks
INFO: enabled root cache
Start: unpacking root cache
Finish: unpacking root cache
INFO: enabled package manager cache
Start: cleaning package manager metadata
Finish: cleaning package manager metadata
INFO: enabled HW Info plugin
INFO: Package manager dnf detected and used (direct choice)
INFO: Buildroot is handled by package management downloaded with a bootstrap image:
  rpm-4.16.1.3-27.el9_3.x86_64
  python3-dnf-4.14.0-8.el9.noarch
  python3-dnf-plugins-core-4.3.0-11.el9_3.noarch
  yum-4.14.0-8.el9.noarch
Finish: chroot init
Start: build phase for awx-rpm-24.0.0-7.el9.src.rpm
Start: build setup for awx-rpm-24.0.0-7.el9.src.rpm
Building target platforms: x86_64
Building for target x86_64
setting SOURCE_DATE_EPOCH=1676246400
Wrote: /builddir/build/SRPMS/awx-rpm-24.0.0-7.el9.src.rpm
No matches found for the following disable plugin patterns: local, spacewalk, versionlock
Updating Subscription Management repositories.
Unable to read consumer identity

This system is not registered with an entitlement server. You can use subscription-manager to register.

/opt/awx-rpm-v2/rpmbuilds/24.0.0/RPMS/        [===                                     ] ---  B/s |   0  B     --:-- ETA/opt/awx-rpm-v2/rpmbuilds/24.0.0/RPMS/                                                   3.0 MB/s | 3.0 kB     00:00    
/opt/awx-rpm-v2/rpmbuilds/24.0.0/RPMS/        [===                                     ] ---  B/s |   0  B     --:-- ETA/opt/awx-rpm-v2/rpmbuilds/24.0.0/RPMS/                                                    26 MB/s | 1.4 MB     00:00    
https://download.copr.fedorainfracloud.or     [   ===                                  ] ---  B/s |   0  B     --:-- ETAhttps://download.copr.fedorainfracloud.or     [      ===                               ] ---  B/s |   0  B     --:-- ETAhttps://download.copr.fedorainfracloud.org/results/@copr/PyPI/epel-9-x86_64              2.7 kB/s | 1.5 kB     00:00    
https://download.copr.fedorainfracloud.or     [         ===                            ] ---  B/s |   0  B     --:-- ETAhttps://download.copr.fedorainfracloud.or 16% [======-                                 ]  34 MB/s |  10 MB     00:01 ETAhttps://download.copr.fedorainfracloud.or 70% [============================            ]  39 MB/s |  43 MB     00:00 ETAhttps://download.copr.fedorainfracloud.or 73% [=============================           ]  36 MB/s |  45 MB     00:00 ETAhttps://download.copr.fedorainfracloud.or 75% [==============================          ]  34 MB/s |  46 MB     00:00 ETAhttps://download.copr.fedorainfracloud.or 76% [==============================-         ]  32 MB/s |  47 MB     00:00 ETAhttps://download.copr.fedorainfracloud.org/results/@copr/PyPI/epel-9-x86_64               27 MB/s |  61 MB     00:02    
Red Hat Enterprise Linux - BaseOS             [            ===                         ] ---  B/s |   0  B     --:-- ETARed Hat Enterprise Linux - BaseOS                                                         15 kB/s | 4.1 kB     00:00    
Red Hat Enterprise Linux - AppStream          [               ===                      ] ---  B/s |   0  B     --:-- ETARed Hat Enterprise Linux - AppStream                                                      20 kB/s | 4.5 kB     00:00    
Red Hat Enterprise Linux - CodeReady Linu     [                  ===                   ] ---  B/s |   0  B     --:-- ETARed Hat Enterprise Linux - CodeReady Linux Builder                                        16 kB/s | 4.5 kB     00:00    
Extra Packages for Enterprise Linux 9 - x     [                     ===                ] ---  B/s |   0  B     --:-- ETAExtra Packages for Enterprise Linux 9 - x     [                        ===             ] ---  B/s |   0  B     --:-- ETAExtra Packages for Enterprise Linux 9 - x 49% [===================-                    ]  49 kB/s |  16 kB     00:00 ETAExtra Packages for Enterprise Linux 9 - x86_64                                            42 kB/s |  32 kB     00:00    
Error: 
 Problem 1: cannot install both python3-pyparsing-3.1.1-1.el9.noarch from downloadcoprfedorainfracloudorg_results_copr_PyPI_epel9x86_64 and python3-pyparsing-2.4.6-1.el9.noarch from _opt_awxrpmv2_rpmbuilds_2400_RPMS_
  - cannot install the best candidate for the job
  - conflicting requests
 Problem 2: cannot install both python3-importlib-metadata-4.12.0-2.el9.noarch from epel and python3-importlib-metadata-6.6.0-1.el9.noarch from downloadcoprfedorainfracloudorg_results_copr_PyPI_epel9x86_64
  - package python3-ansible-runner-2.3.6-1.el9.noarch from _opt_awxrpmv2_rpmbuilds_2400_RPMS_ requires (python3.9dist(importlib-metadata) < 6.3 with python3.9dist(importlib-metadata) >= 4.6), but none of the providers can be installed
  - cannot install the best candidate for the job
  - conflicting requests
(try to add '--skip-broken' to skip uninstallable packages or '--nobest' to use not only best candidate packages)
Finish: build setup for awx-rpm-24.0.0-7.el9.src.rpm
Finish: build phase for awx-rpm-24.0.0-7.el9.src.rpm
ERROR: Exception(/opt/awx-rpm-v2/rpmbuilds/24.0.0/SRPMS/awx-rpm-24.0.0-7.el9.src.rpm) Config(rhel+epel-9-x86_64) 1 minutes 31 seconds
INFO: Results and/or logs in: /opt/awx-rpm-v2/rpmbuilds/24.0.0/RPMS-TMP/
ERROR: Command failed: 
 # /usr/bin/systemd-nspawn -q -M e12570ae4af44059ab1ad24948b83aa7 -D /var/lib/mock/rhel+epel-9-x86_64-bootstrap/root -a --capability=cap_ipc_lock --bind=/tmp/mock-resolv.xhdzytqu:/etc/resolv.conf --console=pipe --setenv=TERM=vt100 --setenv=SHELL=/bin/bash --setenv=HOME=/var/lib/mock/rhel+epel-9-x86_64/root/installation-homedir --setenv=HOSTNAME=mock --setenv=PATH=/usr/bin:/bin:/usr/sbin:/sbin '--setenv=PROMPT_COMMAND=printf "\033]0;<mock-chroot>\007"' '--setenv=PS1=<mock-chroot> \s-\v\$ ' --setenv=LANG=C.UTF-8 --setenv=LC_MESSAGES=C.UTF-8 --resolv-conf=off /usr/bin/dnf-3 builddep --installroot /var/lib/mock/rhel+epel-9-x86_64/root/ --releasever 9 --setopt=deltarpm=False --setopt=allow_vendor_change=yes --allowerasing --disableplugin=local --disableplugin=spacewalk --disableplugin=versionlock /var/lib/mock/rhel+epel-9-x86_64/root//builddir/build/SRPMS/awx-rpm-24.0.0-7.el9.src.rpm --setopt=tsflags=nocontexts
No matches found for the following disable plugin patterns: local, spacewalk, versionlock
Updating Subscription Management repositories.
Unable to read consumer identity

This system is not registered with an entitlement server. You can use subscription-manager to register.

/opt/awx-rpm-v2/rpmbuilds/24.0.0/RPMS/                                                   3.0 MB/s | 3.0 kB     00:00    
/opt/awx-rpm-v2/rpmbuilds/24.0.0/RPMS/                                                    26 MB/s | 1.4 MB     00:00    
https://download.copr.fedorainfracloud.org/results/@copr/PyPI/epel-9-x86_64              2.7 kB/s | 1.5 kB     00:00    
https://download.copr.fedorainfracloud.org/results/@copr/PyPI/epel-9-x86_64               27 MB/s |  61 MB     00:02    
Red Hat Enterprise Linux - BaseOS                                                         15 kB/s | 4.1 kB     00:00    
Red Hat Enterprise Linux - AppStream                                                      20 kB/s | 4.5 kB     00:00    
Red Hat Enterprise Linux - CodeReady Linux Builder                                        16 kB/s | 4.5 kB     00:00    
Extra Packages for Enterprise Linux 9 - x86_64                                            42 kB/s |  32 kB     00:00    
Error: 
 Problem 1: cannot install both python3-pyparsing-3.1.1-1.el9.noarch from downloadcoprfedorainfracloudorg_results_copr_PyPI_epel9x86_64 and python3-pyparsing-2.4.6-1.el9.noarch from _opt_awxrpmv2_rpmbuilds_2400_RPMS_
  - cannot install the best candidate for the job
  - conflicting requests
 Problem 2: cannot install both python3-importlib-metadata-4.12.0-2.el9.noarch from epel and python3-importlib-metadata-6.6.0-1.el9.noarch from downloadcoprfedorainfracloudorg_results_copr_PyPI_epel9x86_64
  - package python3-ansible-runner-2.3.6-1.el9.noarch from _opt_awxrpmv2_rpmbuilds_2400_RPMS_ requires (python3.9dist(importlib-metadata) < 6.3 with python3.9dist(importlib-metadata) >= 4.6), but none of the providers can be installed
  - cannot install the best candidate for the job
  - conflicting requests
(try to add '--skip-broken' to skip uninstallable packages or '--nobest' to use not only best candidate packages)

Directory walk started
Directory walk done - 252 packages
Temporary output repo path: /opt/awx-rpm-v2/rpmbuilds/24.0.0/RPMS/.repodata/
Preparing sqlite DBs
Pool started (with 5 workers)
Pool finished
INFO: mock.py version 5.4 starting (python version = 3.9.14, NVR = mock-5.4-1.el9), args: /usr/libexec/mock/mock -r epel-9-x86_64 --clean
Start(bootstrap): init plugins
INFO: selinux enabled
Finish(bootstrap): init plugins
Start: init plugins
INFO: selinux enabled
Finish: init plugins
INFO: Signal handler active
Start: run
Start: clean chroot
Finish: clean chroot
Finish: run
