INFO: mock.py version 5.3 starting (python version = 3.9.14, NVR = mock-5.3-1.el9), args: /usr/libexec/mock/mock -r epel-9-x86_64 --enable-network --addrepo /opt/awx-rpm-v2/rpmbuilds/23.6.0/RPMS/ --resultdir /opt/awx-rpm-v2/rpmbuilds/23.6.0/RPMS-TMP/ --no-clean --addrepo=https://download.copr.fedorainfracloud.org/results/@copr/PyPI/epel-9-x86_64 /opt/awx-rpm-v2/rpmbuilds/23.6.0/SRPMS/awx-rpm-23.6.0-2.el9.src.rpm --rpmbuild-opts=--nocheck --no-cleanup-after
Start(bootstrap): init plugins
INFO: selinux enabled
Finish(bootstrap): init plugins
Start: init plugins
INFO: selinux enabled
Finish: init plugins
INFO: Signal handler active
Start: run
INFO: Start(/opt/awx-rpm-v2/rpmbuilds/23.6.0/SRPMS/awx-rpm-23.6.0-2.el9.src.rpm)  Config(rhel+epel-9-x86_64)
Mock Version: 5.3
INFO: Mock Version: 5.3
Start(bootstrap): chroot init
INFO: calling preinit hooks
INFO: enabled root cache
INFO: enabled package manager cache
Start(bootstrap): cleaning package manager metadata
Finish(bootstrap): cleaning package manager metadata
INFO: Package manager dnf detected and used (fallback)
Finish(bootstrap): chroot init
Start: chroot init
INFO: calling preinit hooks
INFO: enabled root cache
Start: unpacking root cache
Finish: unpacking root cache
INFO: enabled package manager cache
Start: cleaning package manager metadata
Finish: cleaning package manager metadata
INFO: enabled HW Info plugin
INFO: Package manager dnf detected and used (direct choice)
INFO: Buildroot is handled by package management downloaded with a bootstrap image:
  rpm-4.16.1.3-19.el9_1.x86_64
  python3-dnf-4.12.0-4.el9.noarch
  python3-dnf-plugins-core-4.1.0-3.el9.noarch
Finish: chroot init
Start: build phase for awx-rpm-23.6.0-2.el9.src.rpm
Start: build setup for awx-rpm-23.6.0-2.el9.src.rpm
Building target platforms: x86_64
Building for target x86_64
setting SOURCE_DATE_EPOCH=1676246400
Wrote: /builddir/build/SRPMS/awx-rpm-23.6.0-2.el9.src.rpm
No matches found for the following disable plugin patterns: local, spacewalk, versionlock
Updating Subscription Management repositories.
Unable to read consumer identity

This system is not registered with an entitlement server. You can use subscription-manager to register.

/opt/awx-rpm-v2/rpmbuilds/23.6.0/RPMS/                  [===                                               ] ---  B/s |   0  B     --:-- ETA/opt/awx-rpm-v2/rpmbuilds/23.6.0/RPMS/                                                                       2.9 MB/s | 3.0 kB     00:00    
/opt/awx-rpm-v2/rpmbuilds/23.6.0/RPMS/                  [===                                               ] ---  B/s |   0  B     --:-- ETA/opt/awx-rpm-v2/rpmbuilds/23.6.0/RPMS/                                                                        16 MB/s | 237 kB     00:00    
https://download.copr.fedorainfracloud.org/results/     [   ===                                            ] ---  B/s |   0  B     --:-- ETAhttps://download.copr.fedorainfracloud.org/results/     [      ===                                         ] ---  B/s |   0  B     --:-- ETAhttps://download.copr.fedorainfracloud.org/results/@copr/PyPI/epel-9-x86_64                                  2.9 kB/s | 1.5 kB     00:00    
Red Hat Enterprise Linux - BaseOS                       [         ===                                      ] ---  B/s |   0  B     --:-- ETARed Hat Enterprise Linux - BaseOS                  100% [==================================================]  12 kB/s | 4.1 kB     00:00 ETARed Hat Enterprise Linux - BaseOS                                                                             12 kB/s | 4.1 kB     00:00    
Red Hat Enterprise Linux - AppStream                    [            ===                                   ] ---  B/s |   0  B     --:-- ETARed Hat Enterprise Linux - AppStream                                                                          23 kB/s | 4.5 kB     00:00    
Red Hat Enterprise Linux - CodeReady Linux Builder      [               ===                                ] ---  B/s |   0  B     --:-- ETARed Hat Enterprise Linux - CodeReady Linux Builder                                                            19 kB/s | 4.5 kB     00:00    
Extra Packages for Enterprise Linux 9 - x86_64          [                  ===                             ] ---  B/s |   0  B     --:-- ETAExtra Packages for Enterprise Linux 9 - x86_64          [                     ===                          ] ---  B/s |   0  B     --:-- ETAExtra Packages for Enterprise Linux 9 - x86_64                                                                71 kB/s |  35 kB     00:00    
Error: 
 Problem: cannot install both python3-platformdirs-4.1.0-1.el9.noarch and python3-platformdirs-3.11.0-1.el9.noarch
  - conflicting requests
(try to add '--skip-broken' to skip uninstallable packages or '--nobest' to use not only best candidate packages)
Finish: build setup for awx-rpm-23.6.0-2.el9.src.rpm
Finish: build phase for awx-rpm-23.6.0-2.el9.src.rpm
ERROR: Exception(/opt/awx-rpm-v2/rpmbuilds/23.6.0/SRPMS/awx-rpm-23.6.0-2.el9.src.rpm) Config(rhel+epel-9-x86_64) 0 minutes 34 seconds
INFO: Results and/or logs in: /opt/awx-rpm-v2/rpmbuilds/23.6.0/RPMS-TMP/
ERROR: Command failed: 
 # /usr/bin/systemd-nspawn -q -M 671e7f58971141a4ac57da8fc85688b5 -D /var/lib/mock/rhel+epel-9-x86_64-bootstrap/root -a --capability=cap_ipc_lock --bind=/tmp/mock-resolv.ps7_dynz:/etc/resolv.conf --console=pipe --setenv=TERM=vt100 --setenv=SHELL=/bin/bash --setenv=HOME=/var/lib/mock/rhel+epel-9-x86_64/root/installation-homedir --setenv=HOSTNAME=mock --setenv=PATH=/usr/bin:/bin:/usr/sbin:/sbin '--setenv=PROMPT_COMMAND=printf "\033]0;<mock-chroot>\007"' '--setenv=PS1=<mock-chroot> \s-\v\$ ' --setenv=LANG=C.UTF-8 --setenv=LC_MESSAGES=C.UTF-8 --resolv-conf=off /usr/bin/dnf-3 builddep --installroot /var/lib/mock/rhel+epel-9-x86_64/root/ --releasever 9 --setopt=deltarpm=False --setopt=allow_vendor_change=yes --allowerasing --disableplugin=local --disableplugin=spacewalk --disableplugin=versionlock /var/lib/mock/rhel+epel-9-x86_64/root//builddir/build/SRPMS/awx-rpm-23.6.0-2.el9.src.rpm --setopt=tsflags=nocontexts
No matches found for the following disable plugin patterns: local, spacewalk, versionlock
Updating Subscription Management repositories.
Unable to read consumer identity

This system is not registered with an entitlement server. You can use subscription-manager to register.

/opt/awx-rpm-v2/rpmbuilds/23.6.0/RPMS/                                                                       2.9 MB/s | 3.0 kB     00:00    
/opt/awx-rpm-v2/rpmbuilds/23.6.0/RPMS/                                                                        16 MB/s | 237 kB     00:00    
https://download.copr.fedorainfracloud.org/results/@copr/PyPI/epel-9-x86_64                                  2.9 kB/s | 1.5 kB     00:00    
Red Hat Enterprise Linux - BaseOS                                                                             12 kB/s | 4.1 kB     00:00    
Red Hat Enterprise Linux - AppStream                                                                          23 kB/s | 4.5 kB     00:00    
Red Hat Enterprise Linux - CodeReady Linux Builder                                                            19 kB/s | 4.5 kB     00:00    
Extra Packages for Enterprise Linux 9 - x86_64                                                                71 kB/s |  35 kB     00:00    
Error: 
 Problem: cannot install both python3-platformdirs-4.1.0-1.el9.noarch and python3-platformdirs-3.11.0-1.el9.noarch
  - conflicting requests
(try to add '--skip-broken' to skip uninstallable packages or '--nobest' to use not only best candidate packages)

Directory walk started
Directory walk done - 215 packages
Temporary output repo path: /opt/awx-rpm-v2/rpmbuilds/23.6.0/RPMS/.repodata/
Preparing sqlite DBs
Pool started (with 5 workers)
Pool finished
INFO: mock.py version 5.3 starting (python version = 3.9.14, NVR = mock-5.3-1.el9), args: /usr/libexec/mock/mock -r epel-9-x86_64 --clean
Start(bootstrap): init plugins
INFO: selinux enabled
Finish(bootstrap): init plugins
Start: init plugins
INFO: selinux enabled
Finish: init plugins
INFO: Signal handler active
Start: run
Start: clean chroot
Finish: clean chroot
Finish: run
