INFO: mock.py version 5.5 starting (python version = 3.9.18, NVR = mock-5.5-1.el9), args: /usr/libexec/mock/mock -r epel-9-x86_64 --enable-network --addrepo /opt/awx-rpm-v2/rpmbuilds/24.4.0/RPMS/ --resultdir /opt/awx-rpm-v2/rpmbuilds/24.4.0/RPMS-TMP/ --no-clean /opt/awx-rpm-v2/rpmbuilds/24.4.0/SRPMS/awx-rpm-24.4.0-4.el9.src.rpm --rpmbuild-opts=--nocheck --no-cleanup-after
Start(bootstrap): init plugins
INFO: selinux enabled
Finish(bootstrap): init plugins
Start: init plugins
INFO: selinux enabled
Finish: init plugins
INFO: Signal handler active
Start: run
INFO: Start(/opt/awx-rpm-v2/rpmbuilds/24.4.0/SRPMS/awx-rpm-24.4.0-4.el9.src.rpm)  Config(rhel+epel-9-x86_64)
Mock Version: 5.5
INFO: Mock Version: 5.5
Start(bootstrap): chroot init
INFO: calling preinit hooks
INFO: enabled root cache
INFO: enabled package manager cache
Start(bootstrap): cleaning package manager metadata
Finish(bootstrap): cleaning package manager metadata
INFO: Package manager dnf detected and used (fallback)
Finish(bootstrap): chroot init
Start: chroot init
INFO: calling preinit hooks
INFO: enabled root cache
INFO: enabled package manager cache
Start: cleaning package manager metadata
Finish: cleaning package manager metadata
INFO: enabled HW Info plugin
INFO: Package manager dnf detected and used (direct choice)
INFO: Buildroot is handled by package management downloaded with a bootstrap image:
  rpm-4.16.1.3-29.el9.x86_64
  python3-dnf-4.14.0-9.el9.noarch
  python3-dnf-plugins-core-4.3.0-13.el9.noarch
  yum-4.14.0-9.el9.noarch
Finish: chroot init
Start: build phase for awx-rpm-24.4.0-4.el9.src.rpm
Start: build setup for awx-rpm-24.4.0-4.el9.src.rpm
Finish: build setup for awx-rpm-24.4.0-4.el9.src.rpm
Finish: build phase for awx-rpm-24.4.0-4.el9.src.rpm
ERROR: Exception(/opt/awx-rpm-v2/rpmbuilds/24.4.0/SRPMS/awx-rpm-24.4.0-4.el9.src.rpm) Config(rhel+epel-9-x86_64) 0 minutes 16 seconds
INFO: Results and/or logs in: /opt/awx-rpm-v2/rpmbuilds/24.4.0/RPMS-TMP/
ERROR: Source RPM is not installable:
Failed to resolve user mockbuild.
Child died too early.

Directory walk started
Directory walk done - 316 packages
Temporary output repo path: /opt/awx-rpm-v2/rpmbuilds/24.4.0/RPMS/.repodata/
Preparing sqlite DBs
Pool started (with 5 workers)
Pool finished
INFO: mock.py version 5.5 starting (python version = 3.9.18, NVR = mock-5.5-1.el9), args: /usr/libexec/mock/mock -r epel-9-x86_64 --clean
Start(bootstrap): init plugins
INFO: selinux enabled
Finish(bootstrap): init plugins
Start: init plugins
INFO: selinux enabled
Finish: init plugins
INFO: Signal handler active
Start: run
Start: clean chroot
Finish: clean chroot
Finish: run
