INFO: mock.py version 5.4 starting (python version = 3.9.14, NVR = mock-5.4-1.el9), args: /usr/libexec/mock/mock -r epel-9-x86_64 --enable-network --addrepo /opt/awx-rpm-v2/rpmbuilds/24.1.0/RPMS/ --resultdir /opt/awx-rpm-v2/rpmbuilds/24.1.0/RPMS-TMP/ --no-clean --addrepo=https://download.copr.fedorainfracloud.org/results/@copr/PyPI/epel-9-x86_64 /opt/awx-rpm-v2/rpmbuilds/24.1.0/SRPMS/python-aiohttp-3.9.3-1.el9.src.rpm --rpmbuild-opts=--nocheck --no-cleanup-after
Start(bootstrap): init plugins
INFO: selinux enabled
Finish(bootstrap): init plugins
Start: init plugins
INFO: selinux enabled
Finish: init plugins
INFO: Signal handler active
Start: run
INFO: Start(/opt/awx-rpm-v2/rpmbuilds/24.1.0/SRPMS/python-aiohttp-3.9.3-1.el9.src.rpm)  Config(rhel+epel-9-x86_64)
Mock Version: 5.4
INFO: Mock Version: 5.4
Start(bootstrap): chroot init
INFO: calling preinit hooks
INFO: enabled root cache
INFO: enabled package manager cache
Start(bootstrap): cleaning package manager metadata
Finish(bootstrap): cleaning package manager metadata
INFO: Package manager dnf detected and used (fallback)
Finish(bootstrap): chroot init
Start: chroot init
INFO: calling preinit hooks
INFO: enabled root cache
Start: unpacking root cache
Finish: unpacking root cache
INFO: enabled package manager cache
Start: cleaning package manager metadata
Finish: cleaning package manager metadata
INFO: enabled HW Info plugin
INFO: Package manager dnf detected and used (direct choice)
INFO: Buildroot is handled by package management downloaded with a bootstrap image:
  rpm-4.16.1.3-27.el9_3.x86_64
  python3-dnf-4.14.0-8.el9.noarch
  python3-dnf-plugins-core-4.3.0-11.el9_3.noarch
  yum-4.14.0-8.el9.noarch
Finish: chroot init
Start: build phase for python-aiohttp-3.9.3-1.el9.src.rpm
Start: build setup for python-aiohttp-3.9.3-1.el9.src.rpm
Building target platforms: x86_64
Building for target x86_64
setting SOURCE_DATE_EPOCH=1711756800
Wrote: /builddir/build/SRPMS/python-aiohttp-3.9.3-1.el9.src.rpm
No matches found for the following disable plugin patterns: local, spacewalk, versionlock
Updating Subscription Management repositories.
Unable to read consumer identity

This system is not registered with an entitlement server. You can use subscription-manager to register.

/opt/awx-rpm-v2/rpmbuilds/24.1.0/RPMS/                                      [===                                                                    ] ---  B/s |   0  B     --:-- ETA/opt/awx-rpm-v2/rpmbuilds/24.1.0/RPMS/                                                                                                                2.9 MB/s | 3.0 kB     00:00    
/opt/awx-rpm-v2/rpmbuilds/24.1.0/RPMS/                                      [===                                                                    ] ---  B/s |   0  B     --:-- ETA/opt/awx-rpm-v2/rpmbuilds/24.1.0/RPMS/                                                                                                                 14 MB/s | 106 kB     00:00    
https://download.copr.fedorainfracloud.org/results/@copr/PyPI/epel-9-x8     [   ===                                                                 ] ---  B/s |   0  B     --:-- ETAhttps://download.copr.fedorainfracloud.org/results/@copr/PyPI/epel-9-x8100% [=======================================================================] 3.8 kB/s | 1.5 kB     00:00 ETAhttps://download.copr.fedorainfracloud.org/results/@copr/PyPI/epel-9-x86_64                                                                           3.8 kB/s | 1.5 kB     00:00    
Red Hat Enterprise Linux - BaseOS                                           [      ===                                                              ] ---  B/s |   0  B     --:-- ETARed Hat Enterprise Linux - BaseOS                                           [         ===                                                           ] ---  B/s |   0  B     --:-- ETARed Hat Enterprise Linux - BaseOS                                                                                                                      12 kB/s | 4.1 kB     00:00    
Red Hat Enterprise Linux - AppStream                                        [            ===                                                        ] ---  B/s |   0  B     --:-- ETARed Hat Enterprise Linux - AppStream                                                                                                                   25 kB/s | 4.5 kB     00:00    
Red Hat Enterprise Linux - CodeReady Linux Builder                          [               ===                                                     ] ---  B/s |   0  B     --:-- ETARed Hat Enterprise Linux - CodeReady Linux Builder                                                                                                     22 kB/s | 4.5 kB     00:00    
Extra Packages for Enterprise Linux 9 - x86_64                              [                  ===                                                  ] ---  B/s |   0  B     --:-- ETAExtra Packages for Enterprise Linux 9 - x86_64                                                                                                        237 kB/s |  23 kB     00:00    
