INFO: mock.py version 5.3 starting (python version = 3.9.14, NVR = mock-5.3-1.el9), args: /usr/libexec/mock/mock -r epel-9-x86_64 --enable-network --addrepo /opt/awx-rpm-v2/rpmbuilds/23.7.0/RPMS/ --resultdir /opt/awx-rpm-v2/rpmbuilds/23.7.0/RPMS-TMP/ --no-clean --addrepo=https://download.copr.fedorainfracloud.org/results/@copr/PyPI/epel-9-x86_64 /opt/awx-rpm-v2/rpmbuilds/23.7.0/SRPMS/python3-openid-3.2.0-1.el9.src.rpm --rpmbuild-opts=--nocheck --no-cleanup-after
Start(bootstrap): init plugins
INFO: selinux enabled
Finish(bootstrap): init plugins
Start: init plugins
INFO: selinux enabled
Finish: init plugins
INFO: Signal handler active
Start: run
INFO: Start(/opt/awx-rpm-v2/rpmbuilds/23.7.0/SRPMS/python3-openid-3.2.0-1.el9.src.rpm)  Config(rhel+epel-9-x86_64)
Mock Version: 5.3
INFO: Mock Version: 5.3
Start(bootstrap): chroot init
INFO: calling preinit hooks
INFO: enabled root cache
INFO: enabled package manager cache
Start(bootstrap): cleaning package manager metadata
Finish(bootstrap): cleaning package manager metadata
INFO: Package manager dnf detected and used (fallback)
Finish(bootstrap): chroot init
Start: chroot init
INFO: calling preinit hooks
INFO: enabled root cache
INFO: root cache aged out! cache will be rebuilt
INFO: enabled package manager cache
Start: cleaning package manager metadata
Finish: cleaning package manager metadata
INFO: enabled HW Info plugin
INFO: Package manager dnf detected and used (direct choice)
INFO: Buildroot is handled by package management downloaded with a bootstrap image:
  rpm-4.16.1.3-19.el9_1.x86_64
  python3-dnf-4.12.0-4.el9.noarch
  python3-dnf-plugins-core-4.1.0-3.el9.noarch
Start: installing minimal buildroot with dnf
No matches found for the following disable plugin patterns: local, spacewalk, versionlock
Updating Subscription Management repositories.
Unable to read consumer identity

This system is not registered with an entitlement server. You can use subscription-manager to register.

/opt/awx-rpm-v2/rpmbuilds/23.7.0/RPMS/                                                                                                                              0.0  B/s |   0  B     00:00    
Errors during downloading metadata for repository '_opt_awxrpmv2_rpmbuilds_2370_RPMS_':
  - Curl error (37): Couldn't read a file:// file for file:///opt/awx-rpm-v2/rpmbuilds/23.7.0/RPMS/repodata/repomd.xml [Couldn't open file /opt/awx-rpm-v2/rpmbuilds/23.7.0/RPMS/repodata/repomd.xml]
Error: Failed to download metadata for repo '_opt_awxrpmv2_rpmbuilds_2370_RPMS_': Cannot download repomd.xml: Cannot download repodata/repomd.xml: All mirrors were tried
ERROR: Exception(/opt/awx-rpm-v2/rpmbuilds/23.7.0/SRPMS/python3-openid-3.2.0-1.el9.src.rpm) Config(rhel+epel-9-x86_64) 0 minutes 5 seconds
INFO: Results and/or logs in: /opt/awx-rpm-v2/rpmbuilds/23.7.0/RPMS-TMP/
ERROR: Command failed: 
 # /usr/bin/systemd-nspawn -q -M e99b091e1fb545f7a5102e760c9efd56 -D /var/lib/mock/rhel+epel-9-x86_64-bootstrap/root -a --capability=cap_ipc_lock --bind=/tmp/mock-resolv.1mdbd2s8:/etc/resolv.conf --console=pipe --setenv=TERM=vt100 --setenv=SHELL=/bin/bash --setenv=HOME=/var/lib/mock/rhel+epel-9-x86_64/root/installation-homedir --setenv=HOSTNAME=mock --setenv=PATH=/usr/bin:/bin:/usr/sbin:/sbin '--setenv=PROMPT_COMMAND=printf "\033]0;<mock-chroot>\007"' '--setenv=PS1=<mock-chroot> \s-\v\$ ' --setenv=LANG=C.UTF-8 --setenv=LC_MESSAGES=C.UTF-8 --resolv-conf=off /usr/bin/dnf-3 --installroot /var/lib/mock/rhel+epel-9-x86_64/root/ --releasever 9 --setopt=deltarpm=False --setopt=allow_vendor_change=yes --allowerasing --disableplugin=local --disableplugin=spacewalk --disableplugin=versionlock install bash bzip2 coreutils cpio diffutils redhat-release findutils gawk glibc-minimal-langpack grep gzip info patch redhat-rpm-config rpm-build sed shadow-utils tar unzip util-linux which xz epel-rpm-macros --setopt=tsflags=nocontexts
No matches found for the following disable plugin patterns: local, spacewalk, versionlock
Updating Subscription Management repositories.
Unable to read consumer identity

This system is not registered with an entitlement server. You can use subscription-manager to register.

/opt/awx-rpm-v2/rpmbuilds/23.7.0/RPMS/                                                                                                                              0.0  B/s |   0  B     00:00    
Errors during downloading metadata for repository '_opt_awxrpmv2_rpmbuilds_2370_RPMS_':
  - Curl error (37): Couldn't read a file:// file for file:///opt/awx-rpm-v2/rpmbuilds/23.7.0/RPMS/repodata/repomd.xml [Couldn't open file /opt/awx-rpm-v2/rpmbuilds/23.7.0/RPMS/repodata/repomd.xml]
Error: Failed to download metadata for repo '_opt_awxrpmv2_rpmbuilds_2370_RPMS_': Cannot download repomd.xml: Cannot download repodata/repomd.xml: All mirrors were tried

Directory walk started
Directory walk done - 0 packages
Temporary output repo path: /opt/awx-rpm-v2/rpmbuilds/23.7.0/RPMS/.repodata/
Preparing sqlite DBs
Pool started (with 5 workers)
Pool finished
INFO: mock.py version 5.3 starting (python version = 3.9.14, NVR = mock-5.3-1.el9), args: /usr/libexec/mock/mock -r epel-9-x86_64 --clean
Start(bootstrap): init plugins
INFO: selinux enabled
Finish(bootstrap): init plugins
Start: init plugins
INFO: selinux enabled
Finish: init plugins
INFO: Signal handler active
Start: run
Start: clean chroot
Finish: clean chroot
Finish: run
